# JRE version: Java(TM) SE Runtime Environment (21.0.4+8) (build 21.0.4+8-LTS-274)
# Java VM: Java HotSpot(TM) 64-Bit Server VM (21.0.4+8-LTS-274, mixed mode, sharing, tiered, compressed oops, compressed class ptrs, g1 gc, windows-amd64)
GC Precious Log:
 CardTable entry size: 512
 Card Set container configuration: InlinePtr #cards 4 size 8 Array Of Cards #cards 32 size 80 Howl #buckets 8 coarsen threshold 7372 Howl Bitmap #cards 1024 size 144 coarsen threshold 921 Card regions per heap region 1 cards per card region 8192
 CPUs: 4 total, 4 available
 Memory: 4000M
 Large Page Support: Disabled
 NUMA Support: Disabled
 Compressed Oops: Enabled (Zero based)
 Heap Region Size: 4M
 Heap Min Capacity: 8M
 Heap Initial Capacity: 64M
 Heap Max Capacity: 8G
 Pre-touch: Disabled
 Parallel Workers: 4
 Concurrent Workers: 1
 Concurrent Refinement Workers: 4
 Periodic GC: Disabled
Heap:
 garbage-first heap   total 442368K, used 292527K [0x0000000600000000, 0x0000000800000000)
  region size 4096K, 14 young (57344K), 4 survivors (16384K)
 Metaspace       used 117220K, committed 120064K, reserved 1179648K
  class space    used 16470K, committed 17856K, reserved 1048576K
GC Heap History (20 events):
Event: 103.489 GC heap before
{Heap before GC invocations=53 (full 0):
 garbage-first heap   total 286720K, used 248713K [0x0000000600000000, 0x0000000800000000)
  region size 4096K, 23 young (94208K), 3 survivors (12288K)
 Metaspace       used 104436K, committed 107072K, reserved 1179648K
  class space    used 14770K, committed 16064K, reserved 1048576K
}
Event: 103.507 GC heap after
{Heap after GC invocations=54 (full 0):
 garbage-first heap   total 344064K, used 177088K [0x0000000600000000, 0x0000000800000000)
  region size 4096K, 3 young (12288K), 3 survivors (12288K)
 Metaspace       used 104436K, committed 107072K, reserved 1179648K
  class space    used 14770K, committed 16064K, reserved 1048576K
}
Event: 106.634 GC heap before
{Heap before GC invocations=55 (full 0):
 garbage-first heap   total 344064K, used 287680K [0x0000000600000000, 0x0000000800000000)
  region size 4096K, 31 young (126976K), 3 survivors (12288K)
 Metaspace       used 104981K, committed 107584K, reserved 1179648K
  class space    used 14847K, committed 16128K, reserved 1048576K
}
Event: 106.661 GC heap after
{Heap after GC invocations=56 (full 0):
 garbage-first heap   total 344064K, used 188416K [0x0000000600000000, 0x0000000800000000)
  region size 4096K, 4 young (16384K), 4 survivors (16384K)
 Metaspace       used 104981K, committed 107584K, reserved 1179648K
  class space    used 14847K, committed 16128K, reserved 1048576K
}
Event: 109.710 GC heap before
{Heap before GC invocations=56 (full 0):
 garbage-first heap   total 344064K, used 303104K [0x0000000600000000, 0x0000000800000000)
  region size 4096K, 33 young (135168K), 4 survivors (16384K)
 Metaspace       used 105537K, committed 108224K, reserved 1179648K
  class space    used 14902K, committed 16192K, reserved 1048576K
}
Event: 109.758 GC heap after
{Heap after GC invocations=57 (full 0):
 garbage-first heap   total 344064K, used 196456K [0x0000000600000000, 0x0000000800000000)
  region size 4096K, 4 young (16384K), 4 survivors (16384K)
 Metaspace       used 105537K, committed 108224K, reserved 1179648K
  class space    used 14902K, committed 16192K, reserved 1048576K
}
Event: 111.255 GC heap before
{Heap before GC invocations=57 (full 0):
 garbage-first heap   total 344064K, used 298856K [0x0000000600000000, 0x0000000800000000)
  region size 4096K, 30 young (122880K), 4 survivors (16384K)
 Metaspace       used 105678K, committed 108352K, reserved 1179648K
  class space    used 14916K, committed 16192K, reserved 1048576K
}
Event: 111.299 GC heap after
{Heap after GC invocations=58 (full 0):
 garbage-first heap   total 344064K, used 201262K [0x0000000600000000, 0x0000000800000000)
  region size 4096K, 2 young (8192K), 2 survivors (8192K)
 Metaspace       used 105678K, committed 108352K, reserved 1179648K
  class space    used 14916K, committed 16192K, reserved 1048576K
}
Event: 113.160 GC heap before
{Heap before GC invocations=59 (full 0):
 garbage-first heap   total 368640K, used 303662K [0x0000000600000000, 0x0000000800000000)
  region size 4096K, 28 young (114688K), 2 survivors (8192K)
 Metaspace       used 105761K, committed 108480K, reserved 1179648K
  class space    used 14927K, committed 16256K, reserved 1048576K
}
Event: 113.175 GC heap after
{Heap after GC invocations=60 (full 0):
 garbage-first heap   total 368640K, used 207010K [0x0000000600000000, 0x0000000800000000)
  region size 4096K, 4 young (16384K), 4 survivors (16384K)
 Metaspace       used 105761K, committed 108480K, reserved 1179648K
  class space    used 14927K, committed 16256K, reserved 1048576K
}
Event: 114.824 GC heap before
{Heap before GC invocations=60 (full 0):
 garbage-first heap   total 368640K, used 325794K [0x0000000600000000, 0x0000000800000000)
  region size 4096K, 33 young (135168K), 4 survivors (16384K)
 Metaspace       used 106022K, committed 108736K, reserved 1179648K
  class space    used 14963K, committed 16256K, reserved 1048576K
}
Event: 114.859 GC heap after
{Heap after GC invocations=61 (full 0):
 garbage-first heap   total 368640K, used 210533K [0x0000000600000000, 0x0000000800000000)
  region size 4096K, 4 young (16384K), 4 survivors (16384K)
 Metaspace       used 106022K, committed 108736K, reserved 1179648K
  class space    used 14963K, committed 16256K, reserved 1048576K
}
Event: 123.987 GC heap before
{Heap before GC invocations=61 (full 0):
 garbage-first heap   total 368640K, used 329317K [0x0000000600000000, 0x0000000800000000)
  region size 4096K, 33 young (135168K), 4 survivors (16384K)
 Metaspace       used 106450K, committed 109184K, reserved 1179648K
  class space    used 15018K, committed 16320K, reserved 1048576K
}
Event: 124.028 GC heap after
{Heap after GC invocations=62 (full 0):
 garbage-first heap   total 442368K, used 219614K [0x0000000600000000, 0x0000000800000000)
  region size 4096K, 5 young (20480K), 5 survivors (20480K)
 Metaspace       used 106450K, committed 109184K, reserved 1179648K
  class space    used 15018K, committed 16320K, reserved 1048576K
}
Event: 135.419 GC heap before
{Heap before GC invocations=62 (full 0):
 garbage-first heap   total 442368K, used 383454K [0x0000000600000000, 0x0000000800000000)
  region size 4096K, 46 young (188416K), 5 survivors (20480K)
 Metaspace       used 106589K, committed 109376K, reserved 1179648K
  class space    used 15033K, committed 16384K, reserved 1048576K
}
Event: 135.464 GC heap after
{Heap after GC invocations=63 (full 0):
 garbage-first heap   total 442368K, used 227753K [0x0000000600000000, 0x0000000800000000)
  region size 4096K, 5 young (20480K), 5 survivors (20480K)
 Metaspace       used 106589K, committed 109376K, reserved 1179648K
  class space    used 15033K, committed 16384K, reserved 1048576K
}
Event: 145.567 GC heap before
{Heap before GC invocations=63 (full 0):
 garbage-first heap   total 442368K, used 391593K [0x0000000600000000, 0x0000000800000000)
  region size 4096K, 46 young (188416K), 5 survivors (20480K)
 Metaspace       used 108915K, committed 111680K, reserved 1179648K
  class space    used 15365K, committed 16704K, reserved 1048576K
}
Event: 145.649 GC heap after
{Heap after GC invocations=64 (full 0):
 garbage-first heap   total 442368K, used 241364K [0x0000000600000000, 0x0000000800000000)
  region size 4096K, 6 young (24576K), 6 survivors (24576K)
 Metaspace       used 108915K, committed 111680K, reserved 1179648K
  class space    used 15365K, committed 16704K, reserved 1048576K
}
Event: 152.174 GC heap before
{Heap before GC invocations=64 (full 0):
 garbage-first heap   total 442368K, used 392916K [0x0000000600000000, 0x0000000800000000)
  region size 4096K, 43 young (176128K), 6 survivors (24576K)
 Metaspace       used 117073K, committed 119872K, reserved 1179648K
  class space    used 16458K, committed 17792K, reserved 1048576K
}
Event: 152.261 GC heap after
{Heap after GC invocations=65 (full 0):
 garbage-first heap   total 442368K, used 255663K [0x0000000600000000, 0x0000000800000000)
  region size 4096K, 4 young (16384K), 4 survivors (16384K)
 Metaspace       used 117073K, committed 119872K, reserved 1179648K
  class space    used 16458K, committed 17792K, reserved 1048576K
}

