# JRE version: Java(TM) SE Runtime Environment (21.0.4+8) (build 21.0.4+8-LTS-274)
# Java VM: Java HotSpot(TM) 64-Bit Server VM (21.0.4+8-LTS-274, mixed mode, sharing, tiered, compressed oops, compressed class ptrs, g1 gc, windows-amd64)
GC Precious Log:
 CardTable entry size: 512
 Card Set container configuration: InlinePtr #cards 4 size 8 Array Of Cards #cards 32 size 80 Howl #buckets 8 coarsen threshold 7372 Howl Bitmap #cards 1024 size 144 coarsen threshold 921 Card regions per heap region 1 cards per card region 8192
 CPUs: 4 total, 4 available
 Memory: 4000M
 Large Page Support: Disabled
 NUMA Support: Disabled
 Compressed Oops: Enabled (Zero based)
 Heap Region Size: 4M
 Heap Min Capacity: 8M
 Heap Initial Capacity: 64M
 Heap Max Capacity: 8G
 Pre-touch: Disabled
 Parallel Workers: 4
 Concurrent Workers: 1
 Concurrent Refinement Workers: 4
 Periodic GC: Disabled
Heap:
 garbage-first heap   total 569344K, used 202848K [0x0000000600000000, 0x0000000800000000)
  region size 4096K, 4 young (16384K), 4 survivors (16384K)
 Metaspace       used 104507K, committed 107136K, reserved 1179648K
  class space    used 14707K, committed 16000K, reserved 1048576K
GC Heap History (20 events):
Event: 134.236 GC heap after
{Heap after GC invocations=54 (full 0):
 garbage-first heap   total 380928K, used 132533K [0x0000000600000000, 0x0000000800000000)
  region size 4096K, 1 young (4096K), 1 survivors (4096K)
 Metaspace       used 87619K, committed 89920K, reserved 1179648K
  class space    used 12210K, committed 13376K, reserved 1048576K
}
Event: 137.113 GC heap before
{Heap before GC invocations=55 (full 0):
 garbage-first heap   total 380928K, used 193973K [0x0000000600000000, 0x0000000800000000)
  region size 4096K, 17 young (69632K), 1 survivors (4096K)
 Metaspace       used 87638K, committed 89920K, reserved 1179648K
  class space    used 12213K, committed 13376K, reserved 1048576K
}
Event: 137.125 GC heap after
{Heap after GC invocations=56 (full 0):
 garbage-first heap   total 380928K, used 135368K [0x0000000600000000, 0x0000000800000000)
  region size 4096K, 2 young (8192K), 2 survivors (8192K)
 Metaspace       used 87638K, committed 89920K, reserved 1179648K
  class space    used 12213K, committed 13376K, reserved 1048576K
}
Event: 153.317 GC heap before
{Heap before GC invocations=56 (full 0):
 garbage-first heap   total 380928K, used 331976K [0x0000000600000000, 0x0000000800000000)
  region size 4096K, 50 young (204800K), 2 survivors (8192K)
 Metaspace       used 95775K, committed 98112K, reserved 1179648K
  class space    used 13475K, committed 14656K, reserved 1048576K
}
Event: 153.660 GC heap after
{Heap after GC invocations=57 (full 0):
 garbage-first heap   total 380928K, used 153505K [0x0000000600000000, 0x0000000800000000)
  region size 4096K, 6 young (24576K), 6 survivors (24576K)
 Metaspace       used 95775K, committed 98112K, reserved 1179648K
  class space    used 13475K, committed 14656K, reserved 1048576K
}
Event: 168.619 GC heap before
{Heap before GC invocations=57 (full 0):
 garbage-first heap   total 380928K, used 227233K [0x0000000600000000, 0x0000000800000000)
  region size 4096K, 24 young (98304K), 6 survivors (24576K)
 Metaspace       used 100484K, committed 102976K, reserved 1179648K
  class space    used 14093K, committed 15360K, reserved 1048576K
}
Event: 168.999 GC heap after
{Heap after GC invocations=58 (full 0):
 garbage-first heap   total 380928K, used 156091K [0x0000000600000000, 0x0000000800000000)
  region size 4096K, 1 young (4096K), 1 survivors (4096K)
 Metaspace       used 100484K, committed 102976K, reserved 1179648K
  class space    used 14093K, committed 15360K, reserved 1048576K
}
Event: 171.750 GC heap before
{Heap before GC invocations=59 (full 0):
 garbage-first heap   total 380928K, used 205243K [0x0000000600000000, 0x0000000800000000)
  region size 4096K, 13 young (53248K), 1 survivors (4096K)
 Metaspace       used 101508K, committed 104000K, reserved 1179648K
  class space    used 14276K, committed 15552K, reserved 1048576K
}
Event: 171.765 GC heap after
{Heap after GC invocations=60 (full 0):
 garbage-first heap   total 380928K, used 161296K [0x0000000600000000, 0x0000000800000000)
  region size 4096K, 2 young (8192K), 2 survivors (8192K)
 Metaspace       used 101508K, committed 104000K, reserved 1179648K
  class space    used 14276K, committed 15552K, reserved 1048576K
}
Event: 173.900 GC heap before
{Heap before GC invocations=60 (full 0):
 garbage-first heap   total 380928K, used 239120K [0x0000000600000000, 0x0000000800000000)
  region size 4096K, 22 young (90112K), 2 survivors (8192K)
 Metaspace       used 102022K, committed 104576K, reserved 1179648K
  class space    used 14343K, committed 15616K, reserved 1048576K
}
Event: 174.006 GC heap after
{Heap after GC invocations=61 (full 0):
 garbage-first heap   total 569344K, used 166884K [0x0000000600000000, 0x0000000800000000)
  region size 4096K, 3 young (12288K), 3 survivors (12288K)
 Metaspace       used 102022K, committed 104576K, reserved 1179648K
  class space    used 14343K, committed 15616K, reserved 1048576K
}
Event: 176.318 GC heap before
{Heap before GC invocations=61 (full 0):
 garbage-first heap   total 569344K, used 211940K [0x0000000600000000, 0x0000000800000000)
  region size 4096K, 15 young (61440K), 3 survivors (12288K)
 Metaspace       used 102677K, committed 105216K, reserved 1179648K
  class space    used 14441K, committed 15680K, reserved 1048576K
}
Event: 176.545 GC heap after
{Heap after GC invocations=62 (full 0):
 garbage-first heap   total 569344K, used 171780K [0x0000000600000000, 0x0000000800000000)
  region size 4096K, 2 young (8192K), 2 survivors (8192K)
 Metaspace       used 102677K, committed 105216K, reserved 1179648K
  class space    used 14441K, committed 15680K, reserved 1048576K
}
Event: 184.164 GC heap before
{Heap before GC invocations=62 (full 0):
 garbage-first heap   total 569344K, used 257796K [0x0000000600000000, 0x0000000800000000)
  region size 4096K, 23 young (94208K), 2 survivors (8192K)
 Metaspace       used 103398K, committed 105920K, reserved 1179648K
  class space    used 14574K, committed 15808K, reserved 1048576K
}
Event: 184.329 GC heap after
{Heap after GC invocations=63 (full 0):
 garbage-first heap   total 569344K, used 179313K [0x0000000600000000, 0x0000000800000000)
  region size 4096K, 2 young (8192K), 2 survivors (8192K)
 Metaspace       used 103398K, committed 105920K, reserved 1179648K
  class space    used 14574K, committed 15808K, reserved 1048576K
}
Event: 191.240 GC heap before
{Heap before GC invocations=63 (full 0):
 garbage-first heap   total 569344K, used 273521K [0x0000000600000000, 0x0000000800000000)
  region size 4096K, 25 young (102400K), 2 survivors (8192K)
 Metaspace       used 103862K, committed 106496K, reserved 1179648K
  class space    used 14639K, committed 15936K, reserved 1048576K
}
Event: 191.272 GC heap after
{Heap after GC invocations=64 (full 0):
 garbage-first heap   total 569344K, used 187969K [0x0000000600000000, 0x0000000800000000)
  region size 4096K, 4 young (16384K), 4 survivors (16384K)
 Metaspace       used 103862K, committed 106496K, reserved 1179648K
  class space    used 14639K, committed 15936K, reserved 1048576K
}
Event: 193.791 GC heap before
{Heap before GC invocations=64 (full 0):
 garbage-first heap   total 569344K, used 249409K [0x0000000600000000, 0x0000000800000000)
  region size 4096K, 19 young (77824K), 4 survivors (16384K)
 Metaspace       used 104357K, committed 107008K, reserved 1179648K
  class space    used 14691K, committed 16000K, reserved 1048576K
}
Event: 193.873 GC heap after
{Heap after GC invocations=65 (full 0):
 garbage-first heap   total 569344K, used 194622K [0x0000000600000000, 0x0000000800000000)
  region size 4096K, 2 young (8192K), 2 survivors (8192K)
 Metaspace       used 104357K, committed 107008K, reserved 1179648K
  class space    used 14691K, committed 16000K, reserved 1048576K
}
Event: 198.135 GC heap before
{Heap before GC invocations=65 (full 0):
 garbage-first heap   total 569344K, used 325694K [0x0000000600000000, 0x0000000800000000)
  region size 4096K, 35 young (143360K), 2 survivors (8192K)
 Metaspace       used 104507K, committed 107136K, reserved 1179648K
  class space    used 14707K, committed 16000K, reserved 1048576K
}

